<?xml version="1.0" encoding="UTF-8"?>
<!-- Generated by org.testng.reporters.JUnitXMLReporter -->
<testsuite ignored="4" hostname="localhosts" failures="0" tests="2" name="TestRunner3" time="119.66" errors="0" timestamp="2024-07-03T14:43:37 IST">
  <testcase classname="Product.CreateProductTest" name="CreateProductTest" time="56.304"/>
  <testcase classname="Campaign.CreatecampaignTest" name="CreatecampaignTest" time="22.035"/>
  <testcase classname="Generic_Utilities.BaseClass" name="@BeforeSuite beforeSuite" time="0.0">
    <ignored/>
  </testcase> <!-- @BeforeSuite beforeSuite -->
  <testcase classname="Generic_Utilities.BaseClass" name="@AfterTest afterTest" time="0.0">
    <ignored/>
  </testcase> <!-- @AfterTest afterTest -->
  <testcase classname="Generic_Utilities.BaseClass" name="@BeforeTest beforeTest" time="0.0">
    <ignored/>
  </testcase> <!-- @BeforeTest beforeTest -->
  <testcase classname="Generic_Utilities.BaseClass" name="@AfterSuite afterSuite" time="0.0">
    <ignored/>
  </testcase> <!-- @AfterSuite afterSuite -->
</testsuite> <!-- TestRunner3 -->
