<?xml version="1.0" encoding="UTF-8"?>
<testng-results ignored="0" total="1" passed="1" failed="0" skipped="0">
  <reporter-output>
  </reporter-output>
  <suite started-at="2024-07-04T20:26:39 IST" name="Default suite" finished-at="2024-07-04T20:27:30 IST" duration-ms="51336">
    <groups>
      <group name="regressionTest">
        <method signature="CreateProductTest.CreateProductTest()[pri:0, instance:Product.CreateProductTest@3febb011]" name="CreateProductTest" class="Product.CreateProductTest"/>
      </group> <!-- regressionTest -->
    </groups>
    <test started-at="2024-07-04T20:26:39 IST" name="Default test" finished-at="2024-07-04T20:27:30 IST" duration-ms="51336">
      <class name="Product.CreateProductTest">
        <test-method is-config="true" signature="beforeSuite()[pri:0, instance:Product.CreateProductTest@3febb011]" started-at="2024-07-04T20:26:39 IST" name="beforeSuite" finished-at="2024-07-04T20:26:39 IST" duration-ms="16" status="PASS">
          <reporter-output>
          </reporter-output>
        </test-method> <!-- beforeSuite -->
        <test-method is-config="true" signature="beforeTest()[pri:0, instance:Product.CreateProductTest@3febb011]" started-at="2024-07-04T20:26:39 IST" name="beforeTest" finished-at="2024-07-04T20:26:39 IST" duration-ms="2" status="PASS">
          <reporter-output>
          </reporter-output>
        </test-method> <!-- beforeTest -->
        <test-method is-config="true" signature="beforeClass()[pri:0, instance:Product.CreateProductTest@3febb011]" started-at="2024-07-04T20:26:39 IST" name="beforeClass" finished-at="2024-07-04T20:26:42 IST" duration-ms="3166" status="PASS">
          <reporter-output>
          </reporter-output>
        </test-method> <!-- beforeClass -->
        <test-method is-config="true" signature="beforeMethod()[pri:0, instance:Product.CreateProductTest@3febb011]" started-at="2024-07-04T20:26:42 IST" name="beforeMethod" finished-at="2024-07-04T20:26:47 IST" duration-ms="5110" status="PASS">
          <reporter-output>
          </reporter-output>
        </test-method> <!-- beforeMethod -->
        <test-method signature="CreateProductTest()[pri:0, instance:Product.CreateProductTest@3febb011]" started-at="2024-07-04T20:26:47 IST" name="CreateProductTest" finished-at="2024-07-04T20:27:27 IST" duration-ms="40341" status="PASS">
          <reporter-output>
          </reporter-output>
        </test-method> <!-- CreateProductTest -->
        <test-method is-config="true" signature="afterMethod()[pri:0, instance:Product.CreateProductTest@3febb011]" started-at="2024-07-04T20:27:27 IST" name="afterMethod" finished-at="2024-07-04T20:27:30 IST" duration-ms="2325" status="PASS">
          <reporter-output>
          </reporter-output>
        </test-method> <!-- afterMethod -->
        <test-method is-config="true" signature="afterClass()[pri:0, instance:Product.CreateProductTest@3febb011]" started-at="2024-07-04T20:27:30 IST" name="afterClass" finished-at="2024-07-04T20:27:30 IST" duration-ms="302" status="PASS">
          <reporter-output>
          </reporter-output>
        </test-method> <!-- afterClass -->
        <test-method is-config="true" signature="afterTest()[pri:0, instance:Product.CreateProductTest@3febb011]" started-at="2024-07-04T20:27:30 IST" name="afterTest" finished-at="2024-07-04T20:27:30 IST" duration-ms="0" status="PASS">
          <reporter-output>
          </reporter-output>
        </test-method> <!-- afterTest -->
        <test-method is-config="true" signature="afterSuite()[pri:0, instance:Product.CreateProductTest@3febb011]" started-at="2024-07-04T20:27:30 IST" name="afterSuite" finished-at="2024-07-04T20:27:30 IST" duration-ms="1" status="PASS">
          <reporter-output>
          </reporter-output>
        </test-method> <!-- afterSuite -->
      </class> <!-- Product.CreateProductTest -->
    </test> <!-- Default test -->
  </suite> <!-- Default suite -->
</testng-results>
